<?xml version="1.0" encoding="UTF-8"?>
<!-- Generated by org.testng.reporters.JUnitXMLReporter -->
<testsuite ignored="3" hostname="LAPTOP-VPQF8FP2" failures="0" tests="4" name="Test" time="150.509" errors="0" timestamp="2022-04-24T02:35:37 IST">
  <testcase classname="com.UpKeep.Testcases.TC_01_SignUp" name="signUpFirstTime" time="30.293"/>
  <testcase classname="com.UpKeep.Testcases.TC_04_Logout" name="Logout" time="3.476"/>
  <testcase classname="com.UpKeep.Testcases.TC_02_LoginPage" name="LoginPage" time="13.116"/>
  <testcase classname="com.UpKeep.Testcases.TC_03_CreateWorkOrder" name="createWorkOrder" time="71.942"/>
  <testcase classname="com.UpKeep.Utilities.UpKeepAppBase" name="@BeforeTest StartApp" time="0.0">
    <ignored/>
  </testcase> <!-- @BeforeTest StartApp -->
  <testcase classname="com.UpKeep.Utilities.UpKeepAppBase" name="@BeforeTest StartApp" time="0.0">
    <ignored/>
  </testcase> <!-- @BeforeTest StartApp -->
  <testcase classname="com.UpKeep.Utilities.UpKeepAppBase" name="@BeforeTest StartApp" time="0.0">
    <ignored/>
  </testcase> <!-- @BeforeTest StartApp -->
</testsuite> <!-- Test -->
