<?xml version="1.0" encoding="UTF-8"?>
<testng-results ignored="3" total="7" passed="4" failed="0" skipped="0">
  <reporter-output>
  </reporter-output>
  <suite started-at="2022-04-24T02:33:06 IST" name="Suite" finished-at="2022-04-24T02:35:37 IST" duration-ms="150509">
    <groups>
    </groups>
    <test started-at="2022-04-24T02:33:06 IST" name="Test" finished-at="2022-04-24T02:35:37 IST" duration-ms="150509">
      <class name="com.UpKeep.Testcases.TC_02_LoginPage">
        <test-method signature="LoginPage()[pri:0, instance:com.UpKeep.Testcases.TC_02_LoginPage@2e385cce]" started-at="2022-04-24T02:34:12 IST" name="LoginPage" finished-at="2022-04-24T02:34:25 IST" duration-ms="13116" status="PASS">
          <reporter-output>
          </reporter-output>
        </test-method> <!-- LoginPage -->
      </class> <!-- com.UpKeep.Testcases.TC_02_LoginPage -->
      <class name="com.UpKeep.Testcases.TC_03_CreateWorkOrder">
        <test-method signature="createWorkOrder()[pri:0, instance:com.UpKeep.Testcases.TC_03_CreateWorkOrder@2ddc9a9f]" started-at="2022-04-24T02:34:25 IST" name="createWorkOrder" finished-at="2022-04-24T02:35:37 IST" duration-ms="71942" status="PASS">
          <reporter-output>
          </reporter-output>
        </test-method> <!-- createWorkOrder -->
      </class> <!-- com.UpKeep.Testcases.TC_03_CreateWorkOrder -->
      <class name="com.UpKeep.Testcases.TC_01_SignUp">
        <test-method is-config="true" signature="StartApp()[pri:0, instance:com.UpKeep.Testcases.TC_01_SignUp@738dc9b]" started-at="2022-04-24T02:33:06 IST" name="StartApp" finished-at="2022-04-24T02:33:38 IST" duration-ms="31578" status="PASS">
          <reporter-output>
          </reporter-output>
        </test-method> <!-- StartApp -->
        <test-method signature="signUpFirstTime()[pri:0, instance:com.UpKeep.Testcases.TC_01_SignUp@738dc9b]" started-at="2022-04-24T02:33:38 IST" name="signUpFirstTime" finished-at="2022-04-24T02:34:08 IST" duration-ms="30293" status="PASS">
          <reporter-output>
          </reporter-output>
        </test-method> <!-- signUpFirstTime -->
      </class> <!-- com.UpKeep.Testcases.TC_01_SignUp -->
      <class name="com.UpKeep.Testcases.TC_04_Logout">
        <test-method signature="Logout()[pri:0, instance:com.UpKeep.Testcases.TC_04_Logout@3e27aa33]" started-at="2022-04-24T02:34:08 IST" name="Logout" finished-at="2022-04-24T02:34:12 IST" duration-ms="3476" status="PASS">
          <reporter-output>
          </reporter-output>
        </test-method> <!-- Logout -->
      </class> <!-- com.UpKeep.Testcases.TC_04_Logout -->
    </test> <!-- Test -->
  </suite> <!-- Suite -->
</testng-results>
